Determining if the Q_WS_WIN exist failed with the following output:
Change Dir: /home/wei/Desktop/T3/part2/build-TumIcsAvrSimPotentiometerBlinkTemplate-Desktop-Default/CMakeFiles/CMakeTmp

Run Build Command:"/usr/bin/make" "cmTC_d20a8/fast"
/usr/bin/make -f CMakeFiles/cmTC_d20a8.dir/build.make CMakeFiles/cmTC_d20a8.dir/build
make[1]: Entering directory '/home/wei/Desktop/T3/part2/build-TumIcsAvrSimPotentiometerBlinkTemplate-Desktop-Default/CMakeFiles/CMakeTmp'
Building CXX object CMakeFiles/cmTC_d20a8.dir/CheckSymbolExists.cxx.o
/usr/bin/g++    -I/usr/include/qt4   -o CMakeFiles/cmTC_d20a8.dir/CheckSymbolExists.cxx.o -c /home/wei/Desktop/T3/part2/build-TumIcsAvrSimPotentiometerBlinkTemplate-Desktop-Default/CMakeFiles/CMakeTmp/CheckSymbolExists.cxx
/home/wei/Desktop/T3/part2/build-TumIcsAvrSimPotentiometerBlinkTemplate-Desktop-Default/CMakeFiles/CMakeTmp/CheckSymbolExists.cxx: In function ‘int main(int, char**)’:
/home/wei/Desktop/T3/part2/build-TumIcsAvrSimPotentiometerBlinkTemplate-Desktop-Default/CMakeFiles/CMakeTmp/CheckSymbolExists.cxx:8:19: error: ‘Q_WS_WIN’ was not declared in this scope
   return ((int*)(&Q_WS_WIN))[argc];
                   ^
CMakeFiles/cmTC_d20a8.dir/build.make:65: recipe for target 'CMakeFiles/cmTC_d20a8.dir/CheckSymbolExists.cxx.o' failed
make[1]: *** [CMakeFiles/cmTC_d20a8.dir/CheckSymbolExists.cxx.o] Error 1
make[1]: Leaving directory '/home/wei/Desktop/T3/part2/build-TumIcsAvrSimPotentiometerBlinkTemplate-Desktop-Default/CMakeFiles/CMakeTmp'
Makefile:126: recipe for target 'cmTC_d20a8/fast' failed
make: *** [cmTC_d20a8/fast] Error 2

File /home/wei/Desktop/T3/part2/build-TumIcsAvrSimPotentiometerBlinkTemplate-Desktop-Default/CMakeFiles/CMakeTmp/CheckSymbolExists.cxx:
/* */
#include <QtCore/qglobal.h>

int main(int argc, char** argv)
{
  (void)argv;
#ifndef Q_WS_WIN
  return ((int*)(&Q_WS_WIN))[argc];
#else
  (void)argc;
  return 0;
#endif
}

Determining if the Q_WS_QWS exist failed with the following output:
Change Dir: /home/wei/Desktop/T3/part2/build-TumIcsAvrSimPotentiometerBlinkTemplate-Desktop-Default/CMakeFiles/CMakeTmp

Run Build Command:"/usr/bin/make" "cmTC_09b1f/fast"
/usr/bin/make -f CMakeFiles/cmTC_09b1f.dir/build.make CMakeFiles/cmTC_09b1f.dir/build
make[1]: Entering directory '/home/wei/Desktop/T3/part2/build-TumIcsAvrSimPotentiometerBlinkTemplate-Desktop-Default/CMakeFiles/CMakeTmp'
Building CXX object CMakeFiles/cmTC_09b1f.dir/CheckSymbolExists.cxx.o
/usr/bin/g++    -I/usr/include/qt4   -o CMakeFiles/cmTC_09b1f.dir/CheckSymbolExists.cxx.o -c /home/wei/Desktop/T3/part2/build-TumIcsAvrSimPotentiometerBlinkTemplate-Desktop-Default/CMakeFiles/CMakeTmp/CheckSymbolExists.cxx
/home/wei/Desktop/T3/part2/build-TumIcsAvrSimPotentiometerBlinkTemplate-Desktop-Default/CMakeFiles/CMakeTmp/CheckSymbolExists.cxx: In function ‘int main(int, char**)’:
/home/wei/Desktop/T3/part2/build-TumIcsAvrSimPotentiometerBlinkTemplate-Desktop-Default/CMakeFiles/CMakeTmp/CheckSymbolExists.cxx:8:19: error: ‘Q_WS_QWS’ was not declared in this scope
   return ((int*)(&Q_WS_QWS))[argc];
                   ^
CMakeFiles/cmTC_09b1f.dir/build.make:65: recipe for target 'CMakeFiles/cmTC_09b1f.dir/CheckSymbolExists.cxx.o' failed
make[1]: *** [CMakeFiles/cmTC_09b1f.dir/CheckSymbolExists.cxx.o] Error 1
make[1]: Leaving directory '/home/wei/Desktop/T3/part2/build-TumIcsAvrSimPotentiometerBlinkTemplate-Desktop-Default/CMakeFiles/CMakeTmp'
Makefile:126: recipe for target 'cmTC_09b1f/fast' failed
make: *** [cmTC_09b1f/fast] Error 2

File /home/wei/Desktop/T3/part2/build-TumIcsAvrSimPotentiometerBlinkTemplate-Desktop-Default/CMakeFiles/CMakeTmp/CheckSymbolExists.cxx:
/* */
#include <QtCore/qglobal.h>

int main(int argc, char** argv)
{
  (void)argv;
#ifndef Q_WS_QWS
  return ((int*)(&Q_WS_QWS))[argc];
#else
  (void)argc;
  return 0;
#endif
}

Determining if the Q_WS_MAC exist failed with the following output:
Change Dir: /home/wei/Desktop/T3/part2/build-TumIcsAvrSimPotentiometerBlinkTemplate-Desktop-Default/CMakeFiles/CMakeTmp

Run Build Command:"/usr/bin/make" "cmTC_f1cc8/fast"
/usr/bin/make -f CMakeFiles/cmTC_f1cc8.dir/build.make CMakeFiles/cmTC_f1cc8.dir/build
make[1]: Entering directory '/home/wei/Desktop/T3/part2/build-TumIcsAvrSimPotentiometerBlinkTemplate-Desktop-Default/CMakeFiles/CMakeTmp'
Building CXX object CMakeFiles/cmTC_f1cc8.dir/CheckSymbolExists.cxx.o
/usr/bin/g++    -I/usr/include/qt4   -o CMakeFiles/cmTC_f1cc8.dir/CheckSymbolExists.cxx.o -c /home/wei/Desktop/T3/part2/build-TumIcsAvrSimPotentiometerBlinkTemplate-Desktop-Default/CMakeFiles/CMakeTmp/CheckSymbolExists.cxx
/home/wei/Desktop/T3/part2/build-TumIcsAvrSimPotentiometerBlinkTemplate-Desktop-Default/CMakeFiles/CMakeTmp/CheckSymbolExists.cxx: In function ‘int main(int, char**)’:
/home/wei/Desktop/T3/part2/build-TumIcsAvrSimPotentiometerBlinkTemplate-Desktop-Default/CMakeFiles/CMakeTmp/CheckSymbolExists.cxx:8:19: error: ‘Q_WS_MAC’ was not declared in this scope
   return ((int*)(&Q_WS_MAC))[argc];
                   ^
CMakeFiles/cmTC_f1cc8.dir/build.make:65: recipe for target 'CMakeFiles/cmTC_f1cc8.dir/CheckSymbolExists.cxx.o' failed
make[1]: *** [CMakeFiles/cmTC_f1cc8.dir/CheckSymbolExists.cxx.o] Error 1
make[1]: Leaving directory '/home/wei/Desktop/T3/part2/build-TumIcsAvrSimPotentiometerBlinkTemplate-Desktop-Default/CMakeFiles/CMakeTmp'
Makefile:126: recipe for target 'cmTC_f1cc8/fast' failed
make: *** [cmTC_f1cc8/fast] Error 2

File /home/wei/Desktop/T3/part2/build-TumIcsAvrSimPotentiometerBlinkTemplate-Desktop-Default/CMakeFiles/CMakeTmp/CheckSymbolExists.cxx:
/* */
#include <QtCore/qglobal.h>

int main(int argc, char** argv)
{
  (void)argv;
#ifndef Q_WS_MAC
  return ((int*)(&Q_WS_MAC))[argc];
#else
  (void)argc;
  return 0;
#endif
}

